# JRE version: Java(TM) SE Runtime Environment (8.0_181-b13) (build 1.8.0_181-b13)
# Java VM: Java HotSpot(TM) 64-Bit Server VM (25.181-b13 mixed mode bsd-amd64 compressed oops)
Heap:
 PSYoungGen      total 209408K, used 143833K [0x000000076ab00000, 0x0000000780c80000, 0x00000007c0000000)
  eden space 198656K, 72% used [0x000000076ab00000,0x0000000773776450,0x0000000776d00000)
  from space 10752K, 0% used [0x0000000776d00000,0x0000000776d00000,0x0000000777780000)
  to   space 20480K, 0% used [0x000000077f880000,0x000000077f880000,0x0000000780c80000)
 ParOldGen       total 185344K, used 27779K [0x00000006c0000000, 0x00000006cb500000, 0x000000076ab00000)
  object space 185344K, 14% used [0x00000006c0000000,0x00000006c1b20c68,0x00000006cb500000)
 Metaspace       used 41718K, capacity 43624K, committed 43816K, reserved 1087488K
  class space    used 5454K, capacity 5810K, committed 5936K, reserved 1048576K
GC Heap History (10 events):
Event: 1.216 GC heap before
{Heap before GC invocations=3 (full 1):
 PSYoungGen      total 141824K, used 9762K [0x000000076ab00000, 0x0000000774000000, 0x00000007c0000000)
  eden space 131072K, 0% used [0x000000076ab00000,0x000000076ab00000,0x0000000772b00000)
  from space 10752K, 90% used [0x0000000773580000,0x0000000773f08bc8,0x0000000774000000)
  to   space 10752K, 0% used [0x0000000772b00000,0x0000000772b00000,0x0000000773580000)
 ParOldGen       total 175104K, used 24K [0x00000006c0000000, 0x00000006cab00000, 0x000000076ab00000)
  object space 175104K, 0% used [0x00000006c0000000,0x00000006c0006000,0x00000006cab00000)
 Metaspace       used 20646K, capacity 21168K, committed 21296K, reserved 1067008K
  class space    used 2653K, capacity 2825K, committed 2864K, reserved 1048576K
Event: 1.244 GC heap after
Heap after GC invocations=3 (full 1):
 PSYoungGen      total 141824K, used 0K [0x000000076ab00000, 0x0000000774000000, 0x00000007c0000000)
  eden space 131072K, 0% used [0x000000076ab00000,0x000000076ab00000,0x0000000772b00000)
  from space 10752K, 0% used [0x0000000773580000,0x0000000773580000,0x0000000774000000)
  to   space 10752K, 0% used [0x0000000772b00000,0x0000000772b00000,0x0000000773580000)
 ParOldGen       total 105472K, used 9393K [0x00000006c0000000, 0x00000006c6700000, 0x000000076ab00000)
  object space 105472K, 8% used [0x00000006c0000000,0x00000006c092c408,0x00000006c6700000)
 Metaspace       used 20646K, capacity 21168K, committed 21296K, reserved 1067008K
  class space    used 2653K, capacity 2825K, committed 2864K, reserved 1048576K
}
Event: 2.077 GC heap before
{Heap before GC invocations=4 (full 1):
 PSYoungGen      total 141824K, used 131072K [0x000000076ab00000, 0x0000000774000000, 0x00000007c0000000)
  eden space 131072K, 100% used [0x000000076ab00000,0x0000000772b00000,0x0000000772b00000)
  from space 10752K, 0% used [0x0000000773580000,0x0000000773580000,0x0000000774000000)
  to   space 10752K, 0% used [0x0000000772b00000,0x0000000772b00000,0x0000000773580000)
 ParOldGen       total 105472K, used 9393K [0x00000006c0000000, 0x00000006c6700000, 0x000000076ab00000)
  object space 105472K, 8% used [0x00000006c0000000,0x00000006c092c408,0x00000006c6700000)
 Metaspace       used 27249K, capacity 28126K, committed 28208K, reserved 1073152K
  class space    used 3574K, capacity 3812K, committed 3888K, reserved 1048576K
Event: 2.094 GC heap after
Heap after GC invocations=4 (full 1):
 PSYoungGen      total 141824K, used 10747K [0x000000076ab00000, 0x0000000778200000, 0x00000007c0000000)
  eden space 131072K, 0% used [0x000000076ab00000,0x000000076ab00000,0x0000000772b00000)
  from space 10752K, 99% used [0x0000000772b00000,0x000000077357ee10,0x0000000773580000)
  to   space 10752K, 0% used [0x0000000777780000,0x0000000777780000,0x0000000778200000)
 ParOldGen       total 105472K, used 12899K [0x00000006c0000000, 0x00000006c6700000, 0x000000076ab00000)
  object space 105472K, 12% used [0x00000006c0000000,0x00000006c0c98eb8,0x00000006c6700000)
 Metaspace       used 27249K, capacity 28126K, committed 28208K, reserved 1073152K
  class space    used 3574K, capacity 3812K, committed 3888K, reserved 1048576K
}
Event: 2.897 GC heap before
{Heap before GC invocations=5 (full 1):
 PSYoungGen      total 141824K, used 141819K [0x000000076ab00000, 0x0000000778200000, 0x00000007c0000000)
  eden space 131072K, 100% used [0x000000076ab00000,0x0000000772b00000,0x0000000772b00000)
  from space 10752K, 99% used [0x0000000772b00000,0x000000077357ee10,0x0000000773580000)
  to   space 10752K, 0% used [0x0000000777780000,0x0000000777780000,0x0000000778200000)
 ParOldGen       total 105472K, used 12899K [0x00000006c0000000, 0x00000006c6700000, 0x000000076ab00000)
  object space 105472K, 12% used [0x00000006c0000000,0x00000006c0c98eb8,0x00000006c6700000)
 Metaspace       used 32680K, capacity 34140K, committed 34352K, reserved 1079296K
  class space    used 4330K, capacity 4621K, committed 4656K, reserved 1048576K
Event: 2.918 GC heap after
Heap after GC invocations=5 (full 1):
 PSYoungGen      total 209408K, used 10738K [0x000000076ab00000, 0x0000000778280000, 0x00000007c0000000)
  eden space 198656K, 0% used [0x000000076ab00000,0x000000076ab00000,0x0000000776d00000)
  from space 10752K, 99% used [0x0000000777780000,0x00000007781fc968,0x0000000778200000)
  to   space 10752K, 0% used [0x0000000776d00000,0x0000000776d00000,0x0000000777780000)
 ParOldGen       total 105472K, used 22914K [0x00000006c0000000, 0x00000006c6700000, 0x000000076ab00000)
  object space 105472K, 21% used [0x00000006c0000000,0x00000006c1660810,0x00000006c6700000)
 Metaspace       used 32680K, capacity 34140K, committed 34352K, reserved 1079296K
  class space    used 4330K, capacity 4621K, committed 4656K, reserved 1048576K
}
Event: 3.122 GC heap before
{Heap before GC invocations=6 (full 1):
 PSYoungGen      total 209408K, used 45430K [0x000000076ab00000, 0x0000000778280000, 0x00000007c0000000)
  eden space 198656K, 17% used [0x000000076ab00000,0x000000076cce1050,0x0000000776d00000)
  from space 10752K, 99% used [0x0000000777780000,0x00000007781fc968,0x0000000778200000)
  to   space 10752K, 0% used [0x0000000776d00000,0x0000000776d00000,0x0000000777780000)
 ParOldGen       total 105472K, used 22914K [0x00000006c0000000, 0x00000006c6700000, 0x000000076ab00000)
  object space 105472K, 21% used [0x00000006c0000000,0x00000006c1660810,0x00000006c6700000)
 Metaspace       used 33652K, capacity 35242K, committed 35496K, reserved 1079296K
  class space    used 4472K, capacity 4760K, committed 4784K, reserved 1048576K
Event: 3.138 GC heap after
Heap after GC invocations=6 (full 1):
 PSYoungGen      total 209408K, used 10738K [0x000000076ab00000, 0x0000000780c80000, 0x00000007c0000000)
  eden space 198656K, 0% used [0x000000076ab00000,0x000000076ab00000,0x0000000776d00000)
  from space 10752K, 99% used [0x0000000776d00000,0x000000077777c968,0x0000000777780000)
  to   space 20480K, 0% used [0x000000077f880000,0x000000077f880000,0x0000000780c80000)
 ParOldGen       total 105472K, used 25302K [0x00000006c0000000, 0x00000006c6700000, 0x000000076ab00000)
  object space 105472K, 23% used [0x00000006c0000000,0x00000006c18b58f8,0x00000006c6700000)
 Metaspace       used 33652K, capacity 35242K, committed 35496K, reserved 1079296K
  class space    used 4472K, capacity 4760K, committed 4784K, reserved 1048576K
}
Event: 3.138 GC heap before
{Heap before GC invocations=7 (full 2):
 PSYoungGen      total 209408K, used 10738K [0x000000076ab00000, 0x0000000780c80000, 0x00000007c0000000)
  eden space 198656K, 0% used [0x000000076ab00000,0x000000076ab00000,0x0000000776d00000)
  from space 10752K, 99% used [0x0000000776d00000,0x000000077777c968,0x0000000777780000)
  to   space 20480K, 0% used [0x000000077f880000,0x000000077f880000,0x0000000780c80000)
 ParOldGen       total 105472K, used 25302K [0x00000006c0000000, 0x00000006c6700000, 0x000000076ab00000)
  object space 105472K, 23% used [0x00000006c0000000,0x00000006c18b58f8,0x00000006c6700000)
 Metaspace       used 33652K, capacity 35242K, committed 35496K, reserved 1079296K
  class space    used 4472K, capacity 4760K, committed 4784K, reserved 1048576K
Event: 3.269 GC heap after
Heap after GC invocations=7 (full 2):
 PSYoungGen      total 209408K, used 0K [0x000000076ab00000, 0x0000000780c80000, 0x00000007c0000000)
  eden space 198656K, 0% used [0x000000076ab00000,0x000000076ab00000,0x0000000776d00000)
  from space 10752K, 0% used [0x0000000776d00000,0x0000000776d00000,0x0000000777780000)
  to   space 20480K, 0% used [0x000000077f880000,0x000000077f880000,0x0000000780c80000)
 ParOldGen       total 185344K, used 27779K [0x00000006c0000000, 0x00000006cb500000, 0x000000076ab00000)
  object space 185344K, 14% used [0x00000006c0000000,0x00000006c1b20c68,0x00000006cb500000)
 Metaspace       used 33652K, capacity 35242K, committed 35496K, reserved 1079296K
  class space    used 4472K, capacity 4760K, committed 4784K, reserved 1048576K
}

